{"level":"info","url":"/api/auth/login","method":"POST","status":true,"userId":null,"data":{"msg":"Login User","email":"admin@gmail.com","location":{"lat":22.093215939999993,"lng":75.42951964999997}},"message":"API Request Completed","timestamp":"2026-05-29 08:47:53"}
{"level":"info","url":"","method":"","status":true,"userId":null,"data":"Broker instrument fetching started!","message":"API Request Completed","timestamp":"2026-05-29 10:04:29"}
{"level":"info","url":"","method":"","status":true,"userId":null,"data":"All broker instruments fetching ","message":"API Request Completed","timestamp":"2026-05-29 10:04:29"}
{"level":"error","url":"/api/admin/getall/holdingdata","method":"GET","status":false,"userId":null,"data":{"msg":"kiteHoldingFun failed","userId":88,"broker":"kite","errorStatus":403},"message":"Request failed with status code 403","timestamp":"2026-05-29 10:04:32"}
{"level":"error","url":"/api/admin/getall/holdingdata","method":"GET","status":false,"userId":null,"data":{"msg":"kiteHoldingFun failed","userId":62,"broker":"kite","errorStatus":403},"message":"Request failed with status code 403","timestamp":"2026-05-29 10:04:32"}
{"level":"info","url":"","method":"","status":true,"userId":null,"data":"All broker instruments fetched successfully","message":"API Request Completed","timestamp":"2026-05-29 10:05:00"}
{"level":"info","url":"","method":"","status":true,"userId":null,"data":"Groww instrument map done!","message":"API Request Completed","timestamp":"2026-05-29 10:05:01"}
{"level":"info","url":"","method":"","status":true,"userId":null,"data":"Kite instrument map done!","message":"API Request Completed","timestamp":"2026-05-29 10:05:01"}
{"level":"info","url":"","method":"","status":true,"userId":null,"data":"Finvasia instrument map done!","message":"API Request Completed","timestamp":"2026-05-29 10:05:01"}
{"level":"info","url":"","method":"","status":true,"userId":null,"data":"Upstox instrument map done!","message":"API Request Completed","timestamp":"2026-05-29 10:05:01"}
{"level":"info","url":"","method":"","status":true,"userId":null,"data":"Fyers instrument map done!","message":"API Request Completed","timestamp":"2026-05-29 10:05:01"}
{"level":"info","url":"","method":"","status":true,"userId":null,"data":"0 Fyers matches found","message":"API Request Completed","timestamp":"2026-05-29 10:05:03"}
{"level":"info","url":"","method":"","status":true,"userId":null,"data":"Match instrument done!","message":"API Request Completed","timestamp":"2026-05-29 10:05:03"}
{"level":"info","url":"","method":"","status":true,"userId":null,"data":"Merge instrument done!","message":"API Request Completed","timestamp":"2026-05-29 10:05:03"}
{"level":"info","url":"","method":"","status":true,"userId":null,"data":"Final merged instruments: 157825 records","message":"API Request Completed","timestamp":"2026-05-29 10:05:03"}
{"level":"info","url":"","method":"","status":true,"userId":null,"data":"Payload stringify instrument running...","message":"API Request Completed","timestamp":"2026-05-29 10:05:03"}
{"level":"info","url":"","method":"","status":true,"userId":null,"data":"Payload stringify instrument done !","message":"API Request Completed","timestamp":"2026-05-29 10:05:04"}
{"level":"info","url":"","method":"","status":true,"userId":null,"data":"============== Duration: 35900ms ==============","message":"API Request Completed","timestamp":"2026-05-29 10:05:05"}
{"level":"info","url":"","method":"","status":true,"userId":null,"data":"✔️ Worker completed successfully!","message":"API Request Completed","timestamp":"2026-05-29 10:05:05"}
{"level":"info","url":"/api/auth/login","method":"POST","status":true,"userId":null,"data":{"msg":"Login User","email":"admin@gmail.com","location":{"lat":22.093215939999993,"lng":75.42951964999997}},"message":"API Request Completed","timestamp":"2026-05-29 10:48:28"}
{"level":"info","url":"/api/awsadmin/multiple/place/order","method":"POST","status":true,"userId":null,"data":{"msg":"Processing user for broker order","userId":97,"brokerName":"angelone","instanceId":"i-0ae4b77d69989b4a2"},"message":"API Request Completed","timestamp":"2026-05-29 10:49:19"}
{"level":"info","url":"/api/awsadmin/multiple/place/order","method":"POST","status":true,"userId":null,"data":{"msg":"Calling instance for order placement","userId":97,"instanceUrl":"http://13.205.195.189","brokerName":"angelone"},"message":"API Request Completed","timestamp":"2026-05-29 10:49:19"}
{"level":"info","url":"/api/awsadmin/multiple/place/order","method":"POST","status":true,"userId":null,"data":{"msg":"Instance order placement response received","userId":97,"responseStatus":false},"message":"API Request Completed","timestamp":"2026-05-29 10:49:20"}
{"level":"info","url":"/api/awsadmin/multiple/place/order","method":"POST","status":true,"userId":null,"data":{"msg":"All broker promises settled","total":1},"message":"API Request Completed","timestamp":"2026-05-29 10:49:20"}
{"level":"info","url":"/api/awsadmin/multiple/place/order","method":"POST","status":true,"userId":null,"data":{"msg":"Emitting order update event"},"message":"API Request Completed","timestamp":"2026-05-29 10:49:20"}
{"level":"info","url":"/api/awsadmin/multiple/place/order","method":"POST","status":true,"userId":null,"data":{"msg":"Processing user for broker order","userId":97,"brokerName":"angelone","instanceId":"i-0ae4b77d69989b4a2"},"message":"API Request Completed","timestamp":"2026-05-29 10:50:32"}
{"level":"info","url":"/api/awsadmin/multiple/place/order","method":"POST","status":true,"userId":null,"data":{"msg":"Calling instance for order placement","userId":97,"instanceUrl":"http://13.205.195.189","brokerName":"angelone"},"message":"API Request Completed","timestamp":"2026-05-29 10:50:32"}
{"level":"info","url":"/api/awsadmin/multiple/place/order","method":"POST","status":true,"userId":null,"data":{"msg":"Instance order placement response received","userId":97,"responseStatus":false},"message":"API Request Completed","timestamp":"2026-05-29 10:50:33"}
{"level":"info","url":"/api/awsadmin/multiple/place/order","method":"POST","status":true,"userId":null,"data":{"msg":"All broker promises settled","total":1},"message":"API Request Completed","timestamp":"2026-05-29 10:50:33"}
{"level":"info","url":"/api/awsadmin/multiple/place/order","method":"POST","status":true,"userId":null,"data":{"msg":"Emitting order update event"},"message":"API Request Completed","timestamp":"2026-05-29 10:50:33"}
{"level":"info","url":"/api/awsadmin/multiple/place/order","method":"POST","status":true,"userId":null,"data":{"msg":"Processing user for broker order","userId":97,"brokerName":"angelone","instanceId":"i-0ae4b77d69989b4a2"},"message":"API Request Completed","timestamp":"2026-05-29 10:51:05"}
{"level":"info","url":"/api/awsadmin/multiple/place/order","method":"POST","status":true,"userId":null,"data":{"msg":"Calling instance for order placement","userId":97,"instanceUrl":"http://13.205.195.189","brokerName":"angelone"},"message":"API Request Completed","timestamp":"2026-05-29 10:51:05"}
{"level":"info","url":"/api/awsadmin/multiple/place/order","method":"POST","status":true,"userId":null,"data":{"msg":"Instance order placement response received","userId":97,"responseStatus":true},"message":"API Request Completed","timestamp":"2026-05-29 10:51:06"}
{"level":"info","url":"/api/awsadmin/multiple/place/order","method":"POST","status":true,"userId":null,"data":{"msg":"All broker promises settled","total":1},"message":"API Request Completed","timestamp":"2026-05-29 10:51:06"}
{"level":"info","url":"/api/awsadmin/multiple/place/order","method":"POST","status":true,"userId":null,"data":{"msg":"Emitting order update event"},"message":"API Request Completed","timestamp":"2026-05-29 10:51:06"}
{"level":"info","url":"/api/awsadmin/sell/multiple/place/order","method":"POST","status":true,"userId":null,"data":{"msg":"Processing square-off via instance","userId":97,"brokerName":"angelone","orderId":9611,"symbol":"YESBANK","quantity":"1","totalQuantity":"1","isPartial":false},"message":"API Request Completed","timestamp":"2026-05-29 10:51:12"}
{"level":"info","url":"/api/awsadmin/sell/multiple/place/order","method":"POST","status":true,"userId":null,"data":{"msg":"Calling instance for order placement","userId":97,"instanceUrl":"http://13.205.195.189","brokerName":"angelone"},"message":"API Request Completed","timestamp":"2026-05-29 10:51:12"}
{"level":"info","url":"/api/awsadmin/sell/multiple/place/order","method":"POST","status":true,"userId":null,"data":{"msg":"Instance order placement response received","userId":97,"responseStatus":true},"message":"API Request Completed","timestamp":"2026-05-29 10:51:13"}
{"level":"info","url":"/api/awsadmin/sell/multiple/place/order","method":"POST","status":true,"userId":null,"data":{"msg":"Instance response received for square-off","userId":97,"responseStatus":true,"responseResult":"SUCCESS"},"message":"API Request Completed","timestamp":"2026-05-29 10:51:13"}
{"level":"info","url":"/api/awsadmin/sell/multiple/place/order","method":"POST","status":true,"userId":null,"data":{"msg":"PnL calculated for square-off","userId":97,"buyPrice":23.31,"sellPrice":"23.30","quantity":1,"pnl":-0.01},"message":"API Request Completed","timestamp":"2026-05-29 10:51:13"}
{"level":"info","url":"/api/awsadmin/sell/multiple/place/order","method":"POST","status":true,"userId":null,"data":{"msg":"Emitting order update event after square-off"},"message":"API Request Completed","timestamp":"2026-05-29 10:51:13"}
