{"level":"info","url":"","method":"","status":true,"userId":null,"data":"Broker instrument fetching started!","message":"API Request Completed","timestamp":"2026-05-28 08:15:12"}
{"level":"info","url":"","method":"","status":true,"userId":null,"data":"All broker instruments fetching ","message":"API Request Completed","timestamp":"2026-05-28 08:15:12"}
{"level":"info","url":"","method":"","status":true,"userId":null,"data":"All broker instruments fetched successfully","message":"API Request Completed","timestamp":"2026-05-28 08:15:49"}
{"level":"info","url":"","method":"","status":true,"userId":null,"data":"Groww instrument map done!","message":"API Request Completed","timestamp":"2026-05-28 08:15:49"}
{"level":"info","url":"","method":"","status":true,"userId":null,"data":"Kite instrument map done!","message":"API Request Completed","timestamp":"2026-05-28 08:15:49"}
{"level":"info","url":"","method":"","status":true,"userId":null,"data":"Finvasia instrument map done!","message":"API Request Completed","timestamp":"2026-05-28 08:15:49"}
{"level":"info","url":"","method":"","status":true,"userId":null,"data":"Upstox instrument map done!","message":"API Request Completed","timestamp":"2026-05-28 08:15:49"}
{"level":"info","url":"","method":"","status":true,"userId":null,"data":"Fyers instrument map done!","message":"API Request Completed","timestamp":"2026-05-28 08:15:49"}
{"level":"info","url":"","method":"","status":true,"userId":null,"data":"0 Fyers matches found","message":"API Request Completed","timestamp":"2026-05-28 08:15:52"}
{"level":"info","url":"","method":"","status":true,"userId":null,"data":"Match instrument done!","message":"API Request Completed","timestamp":"2026-05-28 08:15:52"}
{"level":"info","url":"","method":"","status":true,"userId":null,"data":"Merge instrument done!","message":"API Request Completed","timestamp":"2026-05-28 08:15:52"}
{"level":"info","url":"","method":"","status":true,"userId":null,"data":"Final merged instruments: 157787 records","message":"API Request Completed","timestamp":"2026-05-28 08:15:52"}
{"level":"info","url":"","method":"","status":true,"userId":null,"data":"Payload stringify instrument running...","message":"API Request Completed","timestamp":"2026-05-28 08:15:52"}
{"level":"info","url":"","method":"","status":true,"userId":null,"data":"Payload stringify instrument done !","message":"API Request Completed","timestamp":"2026-05-28 08:15:53"}
{"level":"info","url":"","method":"","status":true,"userId":null,"data":"============== Duration: 42092ms ==============","message":"API Request Completed","timestamp":"2026-05-28 08:15:54"}
{"level":"info","url":"","method":"","status":true,"userId":null,"data":"✔️ Worker completed successfully!","message":"API Request Completed","timestamp":"2026-05-28 08:15:54"}
{"level":"info","url":"/api/auth/login","method":"POST","status":true,"userId":null,"data":{"msg":"Login User","email":"admin@gmail.com","location":{"lat":22.093217839999994,"lng":75.42951964999997}},"message":"API Request Completed","timestamp":"2026-05-28 09:04:23"}
{"level":"error","url":"/api/admin/getall/holdingdata","method":"GET","status":false,"userId":null,"data":{"msg":"kiteHoldingFun failed","userId":62,"broker":"kite","errorStatus":403},"message":"Request failed with status code 403","timestamp":"2026-05-28 12:35:05"}
{"level":"error","url":"/api/admin/getall/holdingdata","method":"GET","status":false,"userId":null,"data":{"msg":"kiteHoldingFun failed","userId":88,"broker":"kite","errorStatus":403},"message":"Request failed with status code 403","timestamp":"2026-05-28 12:35:05"}
{"level":"error","url":"/api/admin/getall/holdingdata","method":"GET","status":false,"userId":null,"data":{"msg":"kiteHoldingFun failed","userId":83,"broker":"kite","errorStatus":403},"message":"Request failed with status code 403","timestamp":"2026-05-28 12:35:05"}
{"level":"error","url":"/api/admin/getall/holdingdata","method":"GET","status":false,"userId":null,"data":{"msg":"kiteHoldingFun failed","userId":105,"broker":"kite","errorStatus":403},"message":"Request failed with status code 403","timestamp":"2026-05-28 12:35:05"}
{"level":"error","url":"/api/admin/getall/holdingdata","method":"GET","status":false,"userId":null,"data":{"msg":"kiteHoldingFun failed","userId":62,"broker":"kite","errorStatus":403},"message":"Request failed with status code 403","timestamp":"2026-05-28 12:35:07"}
{"level":"error","url":"/api/admin/getall/holdingdata","method":"GET","status":false,"userId":null,"data":{"msg":"kiteHoldingFun failed","userId":105,"broker":"kite","errorStatus":403},"message":"Request failed with status code 403","timestamp":"2026-05-28 12:35:07"}
{"level":"error","url":"/api/admin/getall/holdingdata","method":"GET","status":false,"userId":null,"data":{"msg":"kiteHoldingFun failed","userId":88,"broker":"kite","errorStatus":403},"message":"Request failed with status code 403","timestamp":"2026-05-28 12:35:07"}
{"level":"error","url":"/api/admin/getall/holdingdata","method":"GET","status":false,"userId":null,"data":{"msg":"kiteHoldingFun failed","userId":83,"broker":"kite","errorStatus":403},"message":"Request failed with status code 403","timestamp":"2026-05-28 12:35:07"}
{"level":"info","url":"/api/auth/login","method":"POST","status":true,"userId":null,"data":{"msg":"Login User","email":"ddk4351@gmail.com","location":{"lat":22.093215939999993,"lng":75.42951964999997}},"message":"API Request Completed","timestamp":"2026-05-28 13:03:42"}
