{"level":"info","url":"/api/auth/login","method":"POST","status":true,"userId":null,"data":{"msg":"Login User","email":"eng.maheshnayak1997@gmail.com"},"message":"API Request Completed","timestamp":"2026-06-04 14:23:41"}
{"level":"info","url":"/api/auth/login","method":"POST","status":true,"userId":null,"data":{"msg":"Login User","email":"eng.maheshnayak1997@gmail.com"},"message":"API Request Completed","timestamp":"2026-06-04 14:24:41"}
{"level":"info","url":"/api/auth/login","method":"POST","status":true,"userId":null,"data":{"msg":"Login User","email":"eng.maheshnayak1997@gmail.com"},"message":"API Request Completed","timestamp":"2026-06-04 14:25:21"}
{"level":"info","url":"/api/auth/login","method":"POST","status":true,"userId":null,"data":{"msg":"Login User","email":"eng.maheshnayak1997@gmail.com"},"message":"API Request Completed","timestamp":"2026-06-04 14:28:46"}
{"level":"info","url":"/api/auth/login","method":"POST","status":true,"userId":null,"data":{"msg":"Login User","email":"eng.maheshnayak1997@gmail.com"},"message":"API Request Completed","timestamp":"2026-06-04 14:29:28"}
{"level":"info","url":"/api/auth/login","method":"POST","status":true,"userId":null,"data":{"msg":"Login User","email":"eng.maheshnayak1997@gmail.com"},"message":"API Request Completed","timestamp":"2026-06-04 14:30:59"}
{"level":"info","url":"/api/auth/login","method":"POST","status":true,"userId":null,"data":{"msg":"Login User","email":"eng.maheshnayak1997@gmail.com"},"message":"API Request Completed","timestamp":"2026-06-04 14:31:53"}
{"level":"info","url":"/api/auth/login","method":"POST","status":true,"userId":null,"data":{"msg":"Login User","email":"eng.maheshnayak1997@gmail.com"},"message":"API Request Completed","timestamp":"2026-06-04 14:32:53"}
{"level":"info","url":"/api/auth/login","method":"POST","status":true,"userId":null,"data":{"msg":"Login User","email":"eng.maheshnayak1997@gmail.com"},"message":"API Request Completed","timestamp":"2026-06-04 14:33:10"}
{"level":"info","url":"/api/auth/login","method":"POST","status":true,"userId":null,"data":{"msg":"Login User","email":"eng.maheshnayak1997@gmail.com"},"message":"API Request Completed","timestamp":"2026-06-04 14:33:28"}
{"level":"info","url":"/api/auth/login","method":"POST","status":true,"userId":null,"data":{"msg":"Login User","email":"eng.maheshnayak1997@gmail.com"},"message":"API Request Completed","timestamp":"2026-06-04 14:33:52"}
{"level":"info","url":"/api/auth/login","method":"POST","status":true,"userId":null,"data":{"msg":"Login User","email":"eng.maheshnayak1997@gmail.com"},"message":"API Request Completed","timestamp":"2026-06-04 14:34:34"}
{"level":"info","url":"/api/auth/login","method":"POST","status":true,"userId":null,"data":{"msg":"Login User","email":"eng.maheshnayak1997@gmail.com"},"message":"API Request Completed","timestamp":"2026-06-04 14:35:44"}
{"level":"info","url":"/api/auth/login","method":"POST","status":true,"userId":null,"data":{"msg":"Login User","email":"eng.maheshnayak1997@gmail.com"},"message":"API Request Completed","timestamp":"2026-06-04 14:36:49"}
{"level":"info","url":"/api/auth/login","method":"POST","status":true,"userId":null,"data":{"msg":"Login User","email":"eng.maheshnayak1997@gmail.com"},"message":"API Request Completed","timestamp":"2026-06-04 14:37:12"}
{"level":"info","url":"/api/auth/login","method":"POST","status":true,"userId":null,"data":{"msg":"Login User","email":"eng.maheshnayak1997@gmail.com"},"message":"API Request Completed","timestamp":"2026-06-04 14:37:26"}
{"level":"info","url":"/api/auth/login","method":"POST","status":true,"userId":null,"data":{"msg":"Login User","email":"admin@gmail.com"},"message":"API Request Completed","timestamp":"2026-06-04 14:40:03"}
{"level":"info","url":"/api/auth/login","method":"POST","status":true,"userId":null,"data":{"msg":"Login User","email":"admin@gmail.com"},"message":"API Request Completed","timestamp":"2026-06-04 15:04:11"}
{"level":"info","url":"/api/auth/login","method":"POST","status":true,"userId":null,"data":{"msg":"Login User","email":"admin@gmail.com"},"message":"API Request Completed","timestamp":"2026-06-04 15:07:39"}
{"level":"info","url":"/api/auth/login","method":"POST","status":true,"userId":null,"data":{"msg":"Login User","email":"admin@gmail.com"},"message":"API Request Completed","timestamp":"2026-06-04 15:09:15"}
{"level":"info","url":"","method":"","status":true,"userId":null,"data":"Broker instrument fetching started!","message":"API Request Completed","timestamp":"2026-06-04 15:13:08"}
{"level":"info","url":"","method":"","status":true,"userId":null,"data":"All broker instruments fetching ","message":"API Request Completed","timestamp":"2026-06-04 15:13:08"}
{"level":"info","url":"","method":"","status":true,"userId":null,"data":"All broker instruments fetched successfully","message":"API Request Completed","timestamp":"2026-06-04 15:13:38"}
{"level":"info","url":"","method":"","status":true,"userId":null,"data":"Groww instrument map done!","message":"API Request Completed","timestamp":"2026-06-04 15:13:38"}
{"level":"info","url":"","method":"","status":true,"userId":null,"data":"Kite instrument map done!","message":"API Request Completed","timestamp":"2026-06-04 15:13:38"}
{"level":"info","url":"","method":"","status":true,"userId":null,"data":"Finvasia instrument map done!","message":"API Request Completed","timestamp":"2026-06-04 15:13:38"}
{"level":"info","url":"","method":"","status":true,"userId":null,"data":"Upstox instrument map done!","message":"API Request Completed","timestamp":"2026-06-04 15:13:38"}
{"level":"info","url":"","method":"","status":true,"userId":null,"data":"Fyers instrument map done!","message":"API Request Completed","timestamp":"2026-06-04 15:13:38"}
{"level":"info","url":"","method":"","status":true,"userId":null,"data":"0 Fyers matches found","message":"API Request Completed","timestamp":"2026-06-04 15:13:41"}
{"level":"info","url":"","method":"","status":true,"userId":null,"data":"Match instrument done!","message":"API Request Completed","timestamp":"2026-06-04 15:13:41"}
{"level":"info","url":"","method":"","status":true,"userId":null,"data":"Merge instrument done!","message":"API Request Completed","timestamp":"2026-06-04 15:13:41"}
{"level":"info","url":"","method":"","status":true,"userId":null,"data":"Final merged instruments: 162688 records","message":"API Request Completed","timestamp":"2026-06-04 15:13:41"}
{"level":"info","url":"","method":"","status":true,"userId":null,"data":"Payload stringify instrument running...","message":"API Request Completed","timestamp":"2026-06-04 15:13:41"}
{"level":"info","url":"","method":"","status":true,"userId":null,"data":"Payload stringify instrument done !","message":"API Request Completed","timestamp":"2026-06-04 15:13:42"}
{"level":"info","url":"","method":"","status":true,"userId":null,"data":"============== Duration: 35905ms ==============","message":"API Request Completed","timestamp":"2026-06-04 15:13:44"}
{"level":"info","url":"","method":"","status":true,"userId":null,"data":"✔️ Worker completed successfully!","message":"API Request Completed","timestamp":"2026-06-04 15:13:44"}
{"level":"error","url":"/api/admin/getall/holdingdata","method":"GET","status":false,"userId":null,"data":{"msg":"kiteHoldingFun failed","userId":88,"broker":"kite","errorStatus":403},"message":"Request failed with status code 403","timestamp":"2026-06-04 15:19:32"}
{"level":"error","url":"/api/admin/getall/holdingdata","method":"GET","status":false,"userId":null,"data":{"msg":"kiteHoldingFun failed","userId":62,"broker":"kite","errorStatus":403},"message":"Request failed with status code 403","timestamp":"2026-06-04 15:19:32"}
{"level":"info","url":"/api/admin/getusers/pnldata","method":"POST","status":true,"userId":null,"data":{"msg":"PnL for all users fetched by date","dataCount":14},"message":"API Request Completed","timestamp":"2026-06-04 15:20:53"}
{"level":"error","url":"/api/admin/getall/holdingdata","method":"GET","status":false,"userId":null,"data":{"msg":"kiteHoldingFun failed","userId":62,"broker":"kite","errorStatus":403},"message":"Request failed with status code 403","timestamp":"2026-06-04 15:21:36"}
{"level":"error","url":"/api/admin/getall/holdingdata","method":"GET","status":false,"userId":null,"data":{"msg":"kiteHoldingFun failed","userId":88,"broker":"kite","errorStatus":403},"message":"Request failed with status code 403","timestamp":"2026-06-04 15:21:36"}
{"level":"error","url":"/api/admin/getall/holdingdata","method":"GET","status":false,"userId":null,"data":{"msg":"kiteHoldingFun failed","userId":62,"broker":"kite","errorStatus":403},"message":"Request failed with status code 403","timestamp":"2026-06-04 15:23:44"}
{"level":"error","url":"/api/admin/getall/holdingdata","method":"GET","status":false,"userId":null,"data":{"msg":"kiteHoldingFun failed","userId":88,"broker":"kite","errorStatus":403},"message":"Request failed with status code 403","timestamp":"2026-06-04 15:23:44"}
{"level":"error","url":"/api/admin/getall/holdingdata","method":"GET","status":false,"userId":null,"data":{"msg":"kiteHoldingFun failed","userId":62,"broker":"kite","errorStatus":403},"message":"Request failed with status code 403","timestamp":"2026-06-04 15:27:44"}
{"level":"error","url":"/api/admin/getall/holdingdata","method":"GET","status":false,"userId":null,"data":{"msg":"kiteHoldingFun failed","userId":88,"broker":"kite","errorStatus":403},"message":"Request failed with status code 403","timestamp":"2026-06-04 15:27:44"}
{"level":"info","url":"/api/auth/login","method":"POST","status":true,"userId":null,"data":{"msg":"Login User","email":"eng.maheshnayak1997@gmail.com"},"message":"API Request Completed","timestamp":"2026-06-04 15:28:33"}
{"level":"error","url":"/api/admin/getall/holdingdata","method":"GET","status":false,"userId":null,"data":{"msg":"kiteHoldingFun failed","userId":88,"broker":"kite","errorStatus":403},"message":"Request failed with status code 403","timestamp":"2026-06-04 15:40:40"}
{"level":"error","url":"/api/admin/getall/holdingdata","method":"GET","status":false,"userId":null,"data":{"msg":"kiteHoldingFun failed","userId":62,"broker":"kite","errorStatus":403},"message":"Request failed with status code 403","timestamp":"2026-06-04 15:40:40"}
{"level":"error","url":"/api/admin/getall/holdingdata","method":"GET","status":false,"userId":null,"data":{"msg":"kiteHoldingFun failed","userId":62,"broker":"kite","errorStatus":403},"message":"Request failed with status code 403","timestamp":"2026-06-04 15:40:56"}
{"level":"error","url":"/api/admin/getall/holdingdata","method":"GET","status":false,"userId":null,"data":{"msg":"kiteHoldingFun failed","userId":88,"broker":"kite","errorStatus":403},"message":"Request failed with status code 403","timestamp":"2026-06-04 15:40:56"}
{"level":"error","url":"/api/admin/getall/holdingdata","method":"GET","status":false,"userId":null,"data":{"msg":"kiteHoldingFun failed","userId":88,"broker":"kite","errorStatus":403},"message":"Request failed with status code 403","timestamp":"2026-06-04 15:43:01"}
{"level":"error","url":"/api/admin/getall/holdingdata","method":"GET","status":false,"userId":null,"data":{"msg":"kiteHoldingFun failed","userId":62,"broker":"kite","errorStatus":403},"message":"Request failed with status code 403","timestamp":"2026-06-04 15:43:01"}
{"level":"error","url":"/api/admin/getall/holdingdata","method":"GET","status":false,"userId":null,"data":{"msg":"kiteHoldingFun failed","userId":62,"broker":"kite","errorStatus":403},"message":"Request failed with status code 403","timestamp":"2026-06-04 15:43:03"}
{"level":"error","url":"/api/admin/getall/holdingdata","method":"GET","status":false,"userId":null,"data":{"msg":"kiteHoldingFun failed","userId":88,"broker":"kite","errorStatus":403},"message":"Request failed with status code 403","timestamp":"2026-06-04 15:43:03"}
{"level":"error","url":"/api/admin/getall/holdingdata","method":"GET","status":false,"userId":null,"data":{"msg":"kiteHoldingFun failed","userId":62,"broker":"kite","errorStatus":403},"message":"Request failed with status code 403","timestamp":"2026-06-04 15:43:35"}
{"level":"error","url":"/api/admin/getall/holdingdata","method":"GET","status":false,"userId":null,"data":{"msg":"kiteHoldingFun failed","userId":88,"broker":"kite","errorStatus":403},"message":"Request failed with status code 403","timestamp":"2026-06-04 15:43:35"}
{"level":"error","url":"/api/admin/getall/holdingdata","method":"GET","status":false,"userId":null,"data":{"msg":"kiteHoldingFun failed","userId":62,"broker":"kite","errorStatus":403},"message":"Request failed with status code 403","timestamp":"2026-06-04 15:43:50"}
{"level":"error","url":"/api/admin/getall/holdingdata","method":"GET","status":false,"userId":null,"data":{"msg":"kiteHoldingFun failed","userId":88,"broker":"kite","errorStatus":403},"message":"Request failed with status code 403","timestamp":"2026-06-04 15:43:50"}
{"level":"error","url":"/api/admin/getall/holdingdata","method":"GET","status":false,"userId":null,"data":{"msg":"kiteHoldingFun failed","userId":62,"broker":"kite","errorStatus":403},"message":"Request failed with status code 403","timestamp":"2026-06-04 15:44:02"}
{"level":"error","url":"/api/admin/getall/holdingdata","method":"GET","status":false,"userId":null,"data":{"msg":"kiteHoldingFun failed","userId":88,"broker":"kite","errorStatus":403},"message":"Request failed with status code 403","timestamp":"2026-06-04 15:44:02"}
{"level":"error","url":"/api/admin/getall/holdingdata","method":"GET","status":false,"userId":null,"data":{"msg":"kiteHoldingFun failed","userId":88,"broker":"kite","errorStatus":403},"message":"Request failed with status code 403","timestamp":"2026-06-04 15:44:06"}
{"level":"error","url":"/api/admin/getall/holdingdata","method":"GET","status":false,"userId":null,"data":{"msg":"kiteHoldingFun failed","userId":62,"broker":"kite","errorStatus":403},"message":"Request failed with status code 403","timestamp":"2026-06-04 15:44:06"}
{"level":"error","url":"/api/admin/getall/holdingdata","method":"GET","status":false,"userId":null,"data":{"msg":"kiteHoldingFun failed","userId":62,"broker":"kite","errorStatus":403},"message":"Request failed with status code 403","timestamp":"2026-06-04 15:49:44"}
{"level":"error","url":"/api/admin/getall/holdingdata","method":"GET","status":false,"userId":null,"data":{"msg":"kiteHoldingFun failed","userId":88,"broker":"kite","errorStatus":403},"message":"Request failed with status code 403","timestamp":"2026-06-04 15:49:44"}
{"level":"error","url":"/api/admin/getall/holdingdata","method":"GET","status":false,"userId":null,"data":{"msg":"kiteHoldingFun failed","userId":62,"broker":"kite","errorStatus":403},"message":"Request failed with status code 403","timestamp":"2026-06-04 15:50:02"}
{"level":"error","url":"/api/admin/getall/holdingdata","method":"GET","status":false,"userId":null,"data":{"msg":"kiteHoldingFun failed","userId":88,"broker":"kite","errorStatus":403},"message":"Request failed with status code 403","timestamp":"2026-06-04 15:50:02"}
{"level":"error","url":"/api/admin/getall/holdingdata","method":"GET","status":false,"userId":null,"data":{"msg":"kiteHoldingFun failed","userId":88,"broker":"kite","errorStatus":403},"message":"Request failed with status code 403","timestamp":"2026-06-04 15:54:11"}
{"level":"error","url":"/api/admin/getall/holdingdata","method":"GET","status":false,"userId":null,"data":{"msg":"kiteHoldingFun failed","userId":62,"broker":"kite","errorStatus":403},"message":"Request failed with status code 403","timestamp":"2026-06-04 15:54:12"}
{"level":"error","url":"/api/admin/getall/holdingdata","method":"GET","status":false,"userId":null,"data":{"msg":"kiteHoldingFun failed","userId":88,"broker":"kite","errorStatus":403},"message":"Request failed with status code 403","timestamp":"2026-06-04 15:55:03"}
{"level":"error","url":"/api/admin/getall/holdingdata","method":"GET","status":false,"userId":null,"data":{"msg":"kiteHoldingFun failed","userId":62,"broker":"kite","errorStatus":403},"message":"Request failed with status code 403","timestamp":"2026-06-04 15:55:03"}
{"level":"error","url":"/api/admin/getall/holdingdata","method":"GET","status":false,"userId":null,"data":{"msg":"kiteHoldingFun failed","userId":88,"broker":"kite","errorStatus":403},"message":"Request failed with status code 403","timestamp":"2026-06-04 15:56:03"}
{"level":"error","url":"/api/admin/getall/holdingdata","method":"GET","status":false,"userId":null,"data":{"msg":"kiteHoldingFun failed","userId":62,"broker":"kite","errorStatus":403},"message":"Request failed with status code 403","timestamp":"2026-06-04 15:56:03"}
{"level":"error","url":"/api/admin/getall/holdingdata","method":"GET","status":false,"userId":null,"data":{"msg":"kiteHoldingFun failed","userId":88,"broker":"kite","errorStatus":403},"message":"Request failed with status code 403","timestamp":"2026-06-04 15:56:05"}
{"level":"error","url":"/api/admin/getall/holdingdata","method":"GET","status":false,"userId":null,"data":{"msg":"kiteHoldingFun failed","userId":62,"broker":"kite","errorStatus":403},"message":"Request failed with status code 403","timestamp":"2026-06-04 15:56:05"}
{"level":"error","url":"/api/admin/getall/holdingdata","method":"GET","status":false,"userId":null,"data":{"msg":"kiteHoldingFun failed","userId":88,"broker":"kite","errorStatus":403},"message":"Request failed with status code 403","timestamp":"2026-06-04 15:56:10"}
{"level":"error","url":"/api/admin/getall/holdingdata","method":"GET","status":false,"userId":null,"data":{"msg":"kiteHoldingFun failed","userId":62,"broker":"kite","errorStatus":403},"message":"Request failed with status code 403","timestamp":"2026-06-04 15:56:10"}
{"level":"error","url":"/api/admin/getall/holdingdata","method":"GET","status":false,"userId":null,"data":{"msg":"kiteHoldingFun failed","userId":88,"broker":"kite","errorStatus":403},"message":"Request failed with status code 403","timestamp":"2026-06-04 15:56:12"}
{"level":"error","url":"/api/admin/getall/holdingdata","method":"GET","status":false,"userId":null,"data":{"msg":"kiteHoldingFun failed","userId":62,"broker":"kite","errorStatus":403},"message":"Request failed with status code 403","timestamp":"2026-06-04 15:56:12"}
{"level":"error","url":"/api/admin/getall/holdingdata","method":"GET","status":false,"userId":null,"data":{"msg":"kiteHoldingFun failed","userId":62,"broker":"kite","errorStatus":403},"message":"Request failed with status code 403","timestamp":"2026-06-04 15:56:17"}
{"level":"error","url":"/api/admin/getall/holdingdata","method":"GET","status":false,"userId":null,"data":{"msg":"kiteHoldingFun failed","userId":88,"broker":"kite","errorStatus":403},"message":"Request failed with status code 403","timestamp":"2026-06-04 15:56:17"}
{"level":"error","url":"/api/admin/getall/holdingdata","method":"GET","status":false,"userId":null,"data":{"msg":"kiteHoldingFun failed","userId":88,"broker":"kite","errorStatus":403},"message":"Request failed with status code 403","timestamp":"2026-06-04 15:56:33"}
{"level":"error","url":"/api/admin/getall/holdingdata","method":"GET","status":false,"userId":null,"data":{"msg":"kiteHoldingFun failed","userId":62,"broker":"kite","errorStatus":403},"message":"Request failed with status code 403","timestamp":"2026-06-04 15:56:33"}
{"level":"error","url":"/api/admin/getall/holdingdata","method":"GET","status":false,"userId":null,"data":{"msg":"kiteHoldingFun failed","userId":62,"broker":"kite","errorStatus":403},"message":"Request failed with status code 403","timestamp":"2026-06-04 15:58:27"}
{"level":"error","url":"/api/admin/getall/holdingdata","method":"GET","status":false,"userId":null,"data":{"msg":"kiteHoldingFun failed","userId":88,"broker":"kite","errorStatus":403},"message":"Request failed with status code 403","timestamp":"2026-06-04 15:58:27"}
{"level":"info","url":"/api/admin/getusers/pnldata","method":"POST","status":true,"userId":null,"data":{"msg":"PnL for all users fetched by date","dataCount":14},"message":"API Request Completed","timestamp":"2026-06-04 15:58:37"}
{"level":"error","url":"/api/admin/getall/holdingdata","method":"GET","status":false,"userId":null,"data":{"msg":"kiteHoldingFun failed","userId":62,"broker":"kite","errorStatus":403},"message":"Request failed with status code 403","timestamp":"2026-06-04 16:01:27"}
{"level":"error","url":"/api/admin/getall/holdingdata","method":"GET","status":false,"userId":null,"data":{"msg":"kiteHoldingFun failed","userId":88,"broker":"kite","errorStatus":403},"message":"Request failed with status code 403","timestamp":"2026-06-04 16:01:27"}
{"level":"error","url":"/api/admin/getall/holdingdata","method":"GET","status":false,"userId":null,"data":{"msg":"kiteHoldingFun failed","userId":62,"broker":"kite","errorStatus":403},"message":"Request failed with status code 403","timestamp":"2026-06-04 16:02:23"}
{"level":"error","url":"/api/admin/getall/holdingdata","method":"GET","status":false,"userId":null,"data":{"msg":"kiteHoldingFun failed","userId":88,"broker":"kite","errorStatus":403},"message":"Request failed with status code 403","timestamp":"2026-06-04 16:02:23"}
{"level":"error","url":"/api/admin/getall/holdingdata","method":"GET","status":false,"userId":null,"data":{"msg":"kiteHoldingFun failed","userId":62,"broker":"kite","errorStatus":403},"message":"Request failed with status code 403","timestamp":"2026-06-04 16:04:21"}
{"level":"error","url":"/api/admin/getall/holdingdata","method":"GET","status":false,"userId":null,"data":{"msg":"kiteHoldingFun failed","userId":88,"broker":"kite","errorStatus":403},"message":"Request failed with status code 403","timestamp":"2026-06-04 16:04:21"}
{"level":"error","url":"/api/admin/getall/holdingdata","method":"GET","status":false,"userId":null,"data":{"msg":"kiteHoldingFun failed","userId":62,"broker":"kite","errorStatus":403},"message":"Request failed with status code 403","timestamp":"2026-06-04 16:09:22"}
{"level":"error","url":"/api/admin/getall/holdingdata","method":"GET","status":false,"userId":null,"data":{"msg":"kiteHoldingFun failed","userId":88,"broker":"kite","errorStatus":403},"message":"Request failed with status code 403","timestamp":"2026-06-04 16:09:23"}
{"level":"error","url":"/api/admin/getall/holdingdata","method":"GET","status":false,"userId":null,"data":{"msg":"kiteHoldingFun failed","userId":88,"broker":"kite","errorStatus":403},"message":"Request failed with status code 403","timestamp":"2026-06-04 16:11:40"}
{"level":"error","url":"/api/admin/getall/holdingdata","method":"GET","status":false,"userId":null,"data":{"msg":"kiteHoldingFun failed","userId":62,"broker":"kite","errorStatus":403},"message":"Request failed with status code 403","timestamp":"2026-06-04 16:11:40"}
{"level":"error","url":"/api/admin/getall/holdingdata","method":"GET","status":false,"userId":null,"data":{"msg":"kiteHoldingFun failed","userId":88,"broker":"kite","errorStatus":403},"message":"Request failed with status code 403","timestamp":"2026-06-04 16:11:51"}
{"level":"error","url":"/api/admin/getall/holdingdata","method":"GET","status":false,"userId":null,"data":{"msg":"kiteHoldingFun failed","userId":62,"broker":"kite","errorStatus":403},"message":"Request failed with status code 403","timestamp":"2026-06-04 16:11:51"}
{"level":"error","url":"/api/admin/getall/holdingdata","method":"GET","status":false,"userId":null,"data":{"msg":"kiteHoldingFun failed","userId":62,"broker":"kite","errorStatus":403},"message":"Request failed with status code 403","timestamp":"2026-06-04 16:11:54"}
{"level":"error","url":"/api/admin/getall/holdingdata","method":"GET","status":false,"userId":null,"data":{"msg":"kiteHoldingFun failed","userId":88,"broker":"kite","errorStatus":403},"message":"Request failed with status code 403","timestamp":"2026-06-04 16:11:54"}
{"level":"info","url":"/api/admin/getusers/pnldata","method":"POST","status":true,"userId":null,"data":{"msg":"PnL for all users fetched by date","dataCount":14},"message":"API Request Completed","timestamp":"2026-06-04 16:11:59"}
{"level":"info","url":"/api/admin/getusers/pnldata","method":"POST","status":true,"userId":null,"data":{"msg":"PnL for all users fetched by date","dataCount":14},"message":"API Request Completed","timestamp":"2026-06-04 16:12:40"}
{"level":"info","url":"/api/admin/getusers/pnldata","method":"POST","status":true,"userId":null,"data":{"msg":"PnL for all users fetched by date","dataCount":14},"message":"API Request Completed","timestamp":"2026-06-04 16:13:29"}
{"level":"error","url":"/api/admin/getall/holdingdata","method":"GET","status":false,"userId":null,"data":{"msg":"kiteHoldingFun failed","userId":62,"broker":"kite","errorStatus":403},"message":"Request failed with status code 403","timestamp":"2026-06-04 16:15:43"}
{"level":"error","url":"/api/admin/getall/holdingdata","method":"GET","status":false,"userId":null,"data":{"msg":"kiteHoldingFun failed","userId":88,"broker":"kite","errorStatus":403},"message":"Request failed with status code 403","timestamp":"2026-06-04 16:15:43"}
{"level":"info","url":"/api/admin/getusers/pnldata","method":"POST","status":true,"userId":null,"data":{"msg":"PnL for all users fetched by date","dataCount":14},"message":"API Request Completed","timestamp":"2026-06-04 16:15:48"}
{"level":"error","url":"/api/admin/getall/holdingdata","method":"GET","status":false,"userId":null,"data":{"msg":"kiteHoldingFun failed","userId":62,"broker":"kite","errorStatus":403},"message":"Request failed with status code 403","timestamp":"2026-06-04 16:16:16"}
{"level":"error","url":"/api/admin/getall/holdingdata","method":"GET","status":false,"userId":null,"data":{"msg":"kiteHoldingFun failed","userId":88,"broker":"kite","errorStatus":403},"message":"Request failed with status code 403","timestamp":"2026-06-04 16:16:16"}
{"level":"info","url":"/api/admin/getusers/pnldata","method":"POST","status":true,"userId":null,"data":{"msg":"PnL for all users fetched by date","dataCount":14},"message":"API Request Completed","timestamp":"2026-06-04 16:16:20"}
{"level":"error","url":"/api/admin/getall/holdingdata","method":"GET","status":false,"userId":null,"data":{"msg":"kiteHoldingFun failed","userId":62,"broker":"kite","errorStatus":403},"message":"Request failed with status code 403","timestamp":"2026-06-04 16:21:35"}
{"level":"error","url":"/api/admin/getall/holdingdata","method":"GET","status":false,"userId":null,"data":{"msg":"kiteHoldingFun failed","userId":88,"broker":"kite","errorStatus":403},"message":"Request failed with status code 403","timestamp":"2026-06-04 16:21:35"}
{"level":"info","url":"/api/admin/getusers/pnldata","method":"POST","status":true,"userId":null,"data":{"msg":"PnL for all users fetched by date","dataCount":14},"message":"API Request Completed","timestamp":"2026-06-04 16:21:50"}
{"level":"info","url":"/api/admin/getusers/pnldata","method":"POST","status":true,"userId":null,"data":{"msg":"PnL for all users fetched by date","dataCount":14},"message":"API Request Completed","timestamp":"2026-06-04 16:22:37"}
{"level":"info","url":"/api/admin/getusers/pnldata","method":"POST","status":true,"userId":null,"data":{"msg":"PnL for all users fetched by date","dataCount":14},"message":"API Request Completed","timestamp":"2026-06-04 16:26:03"}
{"level":"info","url":"/api/admin/getusers/pnldata","method":"POST","status":true,"userId":null,"data":{"msg":"PnL for all users fetched by date","dataCount":14},"message":"API Request Completed","timestamp":"2026-06-04 16:26:04"}
{"level":"info","url":"/api/admin/getusers/pnldata","method":"POST","status":true,"userId":null,"data":{"msg":"PnL for all users fetched by date","dataCount":14},"message":"API Request Completed","timestamp":"2026-06-04 16:26:04"}
{"level":"info","url":"/api/admin/getusers/pnldata","method":"POST","status":true,"userId":null,"data":{"msg":"PnL for all users fetched by date","dataCount":14},"message":"API Request Completed","timestamp":"2026-06-04 16:26:11"}
{"level":"error","url":"/api/admin/getall/holdingdata","method":"GET","status":false,"userId":null,"data":{"msg":"kiteHoldingFun failed","userId":62,"broker":"kite","errorStatus":403},"message":"Request failed with status code 403","timestamp":"2026-06-04 16:26:51"}
{"level":"error","url":"/api/admin/getall/holdingdata","method":"GET","status":false,"userId":null,"data":{"msg":"kiteHoldingFun failed","userId":88,"broker":"kite","errorStatus":403},"message":"Request failed with status code 403","timestamp":"2026-06-04 16:26:52"}
{"level":"error","url":"/api/admin/getall/holdingdata","method":"GET","status":false,"userId":null,"data":{"msg":"kiteHoldingFun failed","userId":62,"broker":"kite","errorStatus":403},"message":"Request failed with status code 403","timestamp":"2026-06-04 16:26:55"}
{"level":"error","url":"/api/admin/getall/holdingdata","method":"GET","status":false,"userId":null,"data":{"msg":"kiteHoldingFun failed","userId":88,"broker":"kite","errorStatus":403},"message":"Request failed with status code 403","timestamp":"2026-06-04 16:26:55"}
{"level":"error","url":"/api/admin/getall/holdingdata","method":"GET","status":false,"userId":null,"data":{"msg":"kiteHoldingFun failed","userId":88,"broker":"kite","errorStatus":403},"message":"Request failed with status code 403","timestamp":"2026-06-04 16:27:02"}
{"level":"error","url":"/api/admin/getall/holdingdata","method":"GET","status":false,"userId":null,"data":{"msg":"kiteHoldingFun failed","userId":62,"broker":"kite","errorStatus":403},"message":"Request failed with status code 403","timestamp":"2026-06-04 16:27:02"}
{"level":"error","url":"/api/admin/getall/holdingdata","method":"GET","status":false,"userId":null,"data":{"msg":"kiteHoldingFun failed","userId":62,"broker":"kite","errorStatus":403},"message":"Request failed with status code 403","timestamp":"2026-06-04 16:27:32"}
{"level":"error","url":"/api/admin/getall/holdingdata","method":"GET","status":false,"userId":null,"data":{"msg":"kiteHoldingFun failed","userId":88,"broker":"kite","errorStatus":403},"message":"Request failed with status code 403","timestamp":"2026-06-04 16:27:32"}
{"level":"error","url":"/api/admin/getall/holdingdata","method":"GET","status":false,"userId":null,"data":{"msg":"kiteHoldingFun failed","userId":62,"broker":"kite","errorStatus":403},"message":"Request failed with status code 403","timestamp":"2026-06-04 16:31:43"}
{"level":"error","url":"/api/admin/getall/holdingdata","method":"GET","status":false,"userId":null,"data":{"msg":"kiteHoldingFun failed","userId":88,"broker":"kite","errorStatus":403},"message":"Request failed with status code 403","timestamp":"2026-06-04 16:31:43"}
{"level":"error","url":"/api/admin/getall/holdingdata","method":"GET","status":false,"userId":null,"data":{"msg":"kiteHoldingFun failed","userId":62,"broker":"kite","errorStatus":403},"message":"Request failed with status code 403","timestamp":"2026-06-04 16:33:30"}
{"level":"error","url":"/api/admin/getall/holdingdata","method":"GET","status":false,"userId":null,"data":{"msg":"kiteHoldingFun failed","userId":88,"broker":"kite","errorStatus":403},"message":"Request failed with status code 403","timestamp":"2026-06-04 16:33:30"}
{"level":"info","url":"/api/admin/getusers/pnldata","method":"POST","status":true,"userId":null,"data":{"msg":"PnL for all users fetched by date","dataCount":14},"message":"API Request Completed","timestamp":"2026-06-04 16:33:33"}
{"level":"error","url":"/api/admin/getall/holdingdata","method":"GET","status":false,"userId":null,"data":{"msg":"kiteHoldingFun failed","userId":62,"broker":"kite","errorStatus":403},"message":"Request failed with status code 403","timestamp":"2026-06-04 16:34:35"}
{"level":"error","url":"/api/admin/getall/holdingdata","method":"GET","status":false,"userId":null,"data":{"msg":"kiteHoldingFun failed","userId":88,"broker":"kite","errorStatus":403},"message":"Request failed with status code 403","timestamp":"2026-06-04 16:34:35"}
{"level":"error","url":"/api/admin/getall/holdingdata","method":"GET","status":false,"userId":null,"data":{"msg":"kiteHoldingFun failed","userId":62,"broker":"kite","errorStatus":403},"message":"Request failed with status code 403","timestamp":"2026-06-04 16:37:27"}
{"level":"error","url":"/api/admin/getall/holdingdata","method":"GET","status":false,"userId":null,"data":{"msg":"kiteHoldingFun failed","userId":88,"broker":"kite","errorStatus":403},"message":"Request failed with status code 403","timestamp":"2026-06-04 16:37:27"}
{"level":"error","url":"/api/admin/getall/holdingdata","method":"GET","status":false,"userId":null,"data":{"msg":"kiteHoldingFun failed","userId":62,"broker":"kite","errorStatus":403},"message":"Request failed with status code 403","timestamp":"2026-06-04 16:38:22"}
{"level":"error","url":"/api/admin/getall/holdingdata","method":"GET","status":false,"userId":null,"data":{"msg":"kiteHoldingFun failed","userId":88,"broker":"kite","errorStatus":403},"message":"Request failed with status code 403","timestamp":"2026-06-04 16:38:22"}
{"level":"error","url":"/api/admin/getall/holdingdata","method":"GET","status":false,"userId":null,"data":{"msg":"kiteHoldingFun failed","userId":88,"broker":"kite","errorStatus":403},"message":"Request failed with status code 403","timestamp":"2026-06-04 16:47:09"}
{"level":"error","url":"/api/admin/getall/holdingdata","method":"GET","status":false,"userId":null,"data":{"msg":"kiteHoldingFun failed","userId":62,"broker":"kite","errorStatus":403},"message":"Request failed with status code 403","timestamp":"2026-06-04 16:47:09"}
{"level":"error","url":"/api/admin/getall/holdingdata","method":"GET","status":false,"userId":null,"data":{"msg":"kiteHoldingFun failed","userId":88,"broker":"kite","errorStatus":403},"message":"Request failed with status code 403","timestamp":"2026-06-04 16:51:24"}
{"level":"error","url":"/api/admin/getall/holdingdata","method":"GET","status":false,"userId":null,"data":{"msg":"kiteHoldingFun failed","userId":62,"broker":"kite","errorStatus":403},"message":"Request failed with status code 403","timestamp":"2026-06-04 16:51:24"}
{"level":"error","url":"/api/admin/getall/holdingdata","method":"GET","status":false,"userId":null,"data":{"msg":"kiteHoldingFun failed","userId":88,"broker":"kite","errorStatus":403},"message":"Request failed with status code 403","timestamp":"2026-06-04 16:53:57"}
{"level":"error","url":"/api/admin/getall/holdingdata","method":"GET","status":false,"userId":null,"data":{"msg":"kiteHoldingFun failed","userId":62,"broker":"kite","errorStatus":403},"message":"Request failed with status code 403","timestamp":"2026-06-04 16:53:57"}
